2017-09-25 08:08:54,272 - elsapy.elsapy.elsclient - INFO - Module loaded.
2017-09-25 08:08:54,272 - elsapy.elsapy.elsentity - INFO - Module loaded.
2017-09-25 08:08:54,272 - elsapy.elsapy.elsprofile - INFO - Module loaded.
2017-09-25 08:08:54,272 - elsapy.elsapy.elsdoc - INFO - Module loaded.
2017-09-25 08:08:54,273 - elsapy.elsapy.elssearch - INFO - Module loaded.
2017-09-25 08:10:30,038 - elsapy.elsapy.elsclient - INFO - Module loaded.
2017-09-25 08:10:30,039 - elsapy.elsapy.elsentity - INFO - Module loaded.
2017-09-25 08:10:30,039 - elsapy.elsapy.elsprofile - INFO - Module loaded.
2017-09-25 08:10:30,039 - elsapy.elsapy.elsdoc - INFO - Module loaded.
2017-09-25 08:10:30,039 - elsapy.elsapy.elssearch - INFO - Module loaded.
2017-09-25 09:19:14,335 - elsapy.elsapy.elsclient - INFO - Module loaded.
2017-09-25 09:19:14,335 - elsapy.elsapy.elsentity - INFO - Module loaded.
2017-09-25 09:19:14,335 - elsapy.elsapy.elsprofile - INFO - Module loaded.
2017-09-25 09:19:14,335 - elsapy.elsapy.elsdoc - INFO - Module loaded.
2017-09-25 09:19:14,336 - elsapy.elsapy.elssearch - INFO - Module loaded.
2017-09-25 09:39:51,093 - elsapy.elsapy.elsclient - INFO - Module loaded.
2017-09-25 09:39:51,093 - elsapy.elsapy.elsentity - INFO - Module loaded.
2017-09-25 09:39:51,093 - elsapy.elsapy.elsprofile - INFO - Module loaded.
2017-09-25 09:39:51,093 - elsapy.elsapy.elsdoc - INFO - Module loaded.
2017-09-25 09:39:51,094 - elsapy.elsapy.elssearch - INFO - Module loaded.
2017-09-25 09:45:19,807 - elsapy.elsapy.elsclient - INFO - Module loaded.
2017-09-25 09:45:19,817 - elsapy.elsapy.elsentity - INFO - Module loaded.
2017-09-25 09:45:19,818 - elsapy.elsapy.elsprofile - INFO - Module loaded.
2017-09-25 09:45:19,828 - elsapy.elsapy.elsdoc - INFO - Module loaded.
2017-09-25 09:45:19,835 - elsapy.elsapy.elssearch - INFO - Module loaded.
2017-09-25 09:48:01,751 - elsapy.elsapy.elsclient - INFO - Module loaded.
2017-09-25 09:48:01,752 - elsapy.elsapy.elsentity - INFO - Module loaded.
2017-09-25 09:48:01,752 - elsapy.elsapy.elsprofile - INFO - Module loaded.
2017-09-25 09:48:01,752 - elsapy.elsapy.elsdoc - INFO - Module loaded.
2017-09-25 09:48:01,752 - elsapy.elsapy.elssearch - INFO - Module loaded.
