2017-09-29 16:02:57,763 - elsapy.elsapy.elsclient - INFO - Module loaded.
2017-09-29 16:02:57,763 - elsapy.elsapy.elsentity - INFO - Module loaded.
2017-09-29 16:02:57,763 - elsapy.elsapy.elsprofile - INFO - Module loaded.
2017-09-29 16:02:57,763 - elsapy.elsapy.elsdoc - INFO - Module loaded.
2017-09-29 16:02:57,764 - elsapy.elsapy.elssearch - INFO - Module loaded.
2017-09-29 16:07:33,188 - elsapy.elsapy.elsclient - INFO - Module loaded.
2017-09-29 16:07:33,188 - elsapy.elsapy.elsentity - INFO - Module loaded.
2017-09-29 16:07:33,188 - elsapy.elsapy.elsprofile - INFO - Module loaded.
2017-09-29 16:07:33,188 - elsapy.elsapy.elsdoc - INFO - Module loaded.
2017-09-29 16:07:33,189 - elsapy.elsapy.elssearch - INFO - Module loaded.
2017-09-29 16:11:59,123 - elsapy.elsapy.elsclient - INFO - Module loaded.
2017-09-29 16:11:59,123 - elsapy.elsapy.elsentity - INFO - Module loaded.
2017-09-29 16:11:59,123 - elsapy.elsapy.elsprofile - INFO - Module loaded.
2017-09-29 16:11:59,124 - elsapy.elsapy.elsdoc - INFO - Module loaded.
2017-09-29 16:11:59,124 - elsapy.elsapy.elssearch - INFO - Module loaded.
2017-09-29 16:12:21,093 - elsapy.elsapy.elsclient - INFO - Module loaded.
2017-09-29 16:12:21,093 - elsapy.elsapy.elsentity - INFO - Module loaded.
2017-09-29 16:12:21,093 - elsapy.elsapy.elsprofile - INFO - Module loaded.
2017-09-29 16:12:21,094 - elsapy.elsapy.elsdoc - INFO - Module loaded.
2017-09-29 16:12:21,094 - elsapy.elsapy.elssearch - INFO - Module loaded.
